[2025-02-26 22:58:03,760] multiqc.core.tmp_dir                               [DEBUG  ]  Using new temporary directory: /tmp/tmpk728jha9
[2025-02-26 22:58:03,760] root                                               [DEBUG  ]  Logging to file: /tmp/tmpk728jha9/multiqc.log

/// MultiQC 🔍 v1.27.1

[2025-02-26 22:58:03,761] multiqc.core.update_config                         [DEBUG  ]  This is MultiQC v1.27.1
[2025-02-26 22:58:03,762] multiqc.core.update_config                         [DEBUG  ]  Running Python 3.13.2 | packaged by conda-forge | (main, Feb 17 2025, 14:10:22) [GCC 13.3.0]
[2025-02-26 22:58:03,768] urllib3.connectionpool                             [DEBUG  ]  Starting new HTTPS connection (1): api.multiqc.info:443
[2025-02-26 22:58:03,981] urllib3.connectionpool                             [DEBUG  ]  https://api.multiqc.info:443 "GET /version?version_multiqc=1.27.1&version_python=3.13.2&operating_system=Linux&is_docker=False&is_singularity=False&is_conda=True&is_ci=False&is_notebook=False&ai_summary=False&ai_summary_full=False&ai_provider=seqera HTTP/1.1" 200 178
[2025-02-26 22:58:03,982] multiqc.core.version_check                         [DEBUG  ]  Latest MultiQC version is v1.27, released 2025-01-22
[2025-02-26 22:58:03,983] multiqc.multiqc                                    [DEBUG  ]  Working dir : /home/mif/RNAseq_2025_VU/workflow
[2025-02-26 22:58:03,983] multiqc.multiqc                                    [DEBUG  ]  Template    : default
[2025-02-26 22:58:03,983] multiqc.multiqc                                    [DEBUG  ]  Command used: /home/mif/RNAseq_2025_VU/workflow/.snakemake/conda/cac79fc8cb408a59c9acd536a9853f76_/bin/multiqc --verbose --data-dir --outdir results/multiqc --filename multiqc_report results/fastp/SRR15618896_fastp.json results/hisat2/SRR15618895_summary.txt results/fastqc/SRR15618888_filtered_fastqc.zip results/fastp/SRR15618893_fastp.json results/fastqc/SRR15618897_filtered_fastqc.zip results/hisat2/SRR15618887_summary.txt results/fastqc/SRR15618892_raw_fastqc.zip results/fastqc/SRR15618892_filtered_fastqc.zip results/fastp/SRR15618897_fastp.json results/fastp/SRR15618891_fastp.json results/fastqc/SRR15618894_filtered_fastqc.zip results/fastqc/SRR15618886_raw_fastqc.zip results/fastqc/SRR15618897_raw_fastqc.zip results/fastqc/SRR15618889_filtered_fastqc.zip results/hisat2/SRR15618886_summary.txt results/fastp/SRR15618888_fastp.json results/fastp/SRR15618887_fastp.json results/fastqc/SRR15618891_filtered_fastqc.zip results/fastqc/SRR15618895_filtered_fastqc.zip results/fastp/SRR15618894_fastp.json results/fastqc/SRR15618890_filtered_fastqc.zip results/fastqc/SRR15618895_raw_fastqc.zip results/fastqc/SRR15618896_raw_fastqc.zip results/hisat2/SRR15618888_summary.txt results/fastqc/SRR15618893_raw_fastqc.zip results/fastqc/SRR15618890_raw_fastqc.zip results/fastqc/SRR15618889_raw_fastqc.zip results/hisat2/SRR15618894_summary.txt results/hisat2/SRR15618896_summary.txt results/fastqc/SRR15618886_filtered_fastqc.zip results/hisat2/SRR15618889_summary.txt results/fastqc/SRR15618887_raw_fastqc.zip results/fastp/SRR15618892_fastp.json results/fastp/SRR15618889_fastp.json results/hisat2/SRR15618891_summary.txt results/fastqc/SRR15618893_filtered_fastqc.zip results/hisat2/SRR15618890_summary.txt results/fastp/SRR15618895_fastp.json results/fastp/SRR15618886_fastp.json results/fastp/SRR15618890_fastp.json results/hisat2/SRR15618892_summary.txt results/fastqc/SRR15618891_raw_fastqc.zip results/hisat2/SRR15618897_summary.txt results/fastqc/SRR15618888_raw_fastqc.zip results/fastqc/SRR15618896_filtered_fastqc.zip results/fastqc/SRR15618894_raw_fastqc.zip results/fastqc/SRR15618887_filtered_fastqc.zip results/hisat2/SRR15618893_summary.txt
[2025-02-26 22:58:03,984] multiqc.core.file_search                           [INFO   ]  Search path: /home/mif/RNAseq_2025_VU/workflow/results/fastp/SRR15618896_fastp.json
[2025-02-26 22:58:03,984] multiqc.core.file_search                           [INFO   ]  Search path: /home/mif/RNAseq_2025_VU/workflow/results/hisat2/SRR15618895_summary.txt
[2025-02-26 22:58:03,985] multiqc.core.file_search                           [INFO   ]  Search path: /home/mif/RNAseq_2025_VU/workflow/results/fastqc/SRR15618888_filtered_fastqc.zip
[2025-02-26 22:58:03,985] multiqc.core.file_search                           [INFO   ]  Search path: /home/mif/RNAseq_2025_VU/workflow/results/fastp/SRR15618893_fastp.json
[2025-02-26 22:58:03,985] multiqc.core.file_search                           [INFO   ]  Search path: /home/mif/RNAseq_2025_VU/workflow/results/fastqc/SRR15618897_filtered_fastqc.zip
[2025-02-26 22:58:03,985] multiqc.core.file_search                           [INFO   ]  Search path: /home/mif/RNAseq_2025_VU/workflow/results/hisat2/SRR15618887_summary.txt
[2025-02-26 22:58:03,985] multiqc.core.file_search                           [INFO   ]  Search path: /home/mif/RNAseq_2025_VU/workflow/results/fastqc/SRR15618892_raw_fastqc.zip
[2025-02-26 22:58:03,986] multiqc.core.file_search                           [INFO   ]  Search path: /home/mif/RNAseq_2025_VU/workflow/results/fastqc/SRR15618892_filtered_fastqc.zip
[2025-02-26 22:58:03,986] multiqc.core.file_search                           [INFO   ]  Search path: /home/mif/RNAseq_2025_VU/workflow/results/fastp/SRR15618897_fastp.json
[2025-02-26 22:58:03,986] multiqc.core.file_search                           [INFO   ]  Search path: /home/mif/RNAseq_2025_VU/workflow/results/fastp/SRR15618891_fastp.json
[2025-02-26 22:58:03,986] multiqc.core.file_search                           [INFO   ]  Search path: /home/mif/RNAseq_2025_VU/workflow/results/fastqc/SRR15618894_filtered_fastqc.zip
[2025-02-26 22:58:03,986] multiqc.core.file_search                           [INFO   ]  Search path: /home/mif/RNAseq_2025_VU/workflow/results/fastqc/SRR15618886_raw_fastqc.zip
[2025-02-26 22:58:03,987] multiqc.core.file_search                           [INFO   ]  Search path: /home/mif/RNAseq_2025_VU/workflow/results/fastqc/SRR15618897_raw_fastqc.zip
[2025-02-26 22:58:03,987] multiqc.core.file_search                           [INFO   ]  Search path: /home/mif/RNAseq_2025_VU/workflow/results/fastqc/SRR15618889_filtered_fastqc.zip
[2025-02-26 22:58:03,987] multiqc.core.file_search                           [INFO   ]  Search path: /home/mif/RNAseq_2025_VU/workflow/results/hisat2/SRR15618886_summary.txt
[2025-02-26 22:58:03,987] multiqc.core.file_search                           [INFO   ]  Search path: /home/mif/RNAseq_2025_VU/workflow/results/fastp/SRR15618888_fastp.json
[2025-02-26 22:58:03,987] multiqc.core.file_search                           [INFO   ]  Search path: /home/mif/RNAseq_2025_VU/workflow/results/fastp/SRR15618887_fastp.json
[2025-02-26 22:58:03,987] multiqc.core.file_search                           [INFO   ]  Search path: /home/mif/RNAseq_2025_VU/workflow/results/fastqc/SRR15618891_filtered_fastqc.zip
[2025-02-26 22:58:03,988] multiqc.core.file_search                           [INFO   ]  Search path: /home/mif/RNAseq_2025_VU/workflow/results/fastqc/SRR15618895_filtered_fastqc.zip
[2025-02-26 22:58:03,988] multiqc.core.file_search                           [INFO   ]  Search path: /home/mif/RNAseq_2025_VU/workflow/results/fastp/SRR15618894_fastp.json
[2025-02-26 22:58:03,988] multiqc.core.file_search                           [INFO   ]  Search path: /home/mif/RNAseq_2025_VU/workflow/results/fastqc/SRR15618890_filtered_fastqc.zip
[2025-02-26 22:58:03,988] multiqc.core.file_search                           [INFO   ]  Search path: /home/mif/RNAseq_2025_VU/workflow/results/fastqc/SRR15618895_raw_fastqc.zip
[2025-02-26 22:58:03,988] multiqc.core.file_search                           [INFO   ]  Search path: /home/mif/RNAseq_2025_VU/workflow/results/fastqc/SRR15618896_raw_fastqc.zip
[2025-02-26 22:58:03,989] multiqc.core.file_search                           [INFO   ]  Search path: /home/mif/RNAseq_2025_VU/workflow/results/hisat2/SRR15618888_summary.txt
[2025-02-26 22:58:03,989] multiqc.core.file_search                           [INFO   ]  Search path: /home/mif/RNAseq_2025_VU/workflow/results/fastqc/SRR15618893_raw_fastqc.zip
[2025-02-26 22:58:03,989] multiqc.core.file_search                           [INFO   ]  Search path: /home/mif/RNAseq_2025_VU/workflow/results/fastqc/SRR15618890_raw_fastqc.zip
[2025-02-26 22:58:03,989] multiqc.core.file_search                           [INFO   ]  Search path: /home/mif/RNAseq_2025_VU/workflow/results/fastqc/SRR15618889_raw_fastqc.zip
[2025-02-26 22:58:03,989] multiqc.core.file_search                           [INFO   ]  Search path: /home/mif/RNAseq_2025_VU/workflow/results/hisat2/SRR15618894_summary.txt
[2025-02-26 22:58:03,990] multiqc.core.file_search                           [INFO   ]  Search path: /home/mif/RNAseq_2025_VU/workflow/results/hisat2/SRR15618896_summary.txt
[2025-02-26 22:58:03,990] multiqc.core.file_search                           [INFO   ]  Search path: /home/mif/RNAseq_2025_VU/workflow/results/fastqc/SRR15618886_filtered_fastqc.zip
[2025-02-26 22:58:03,990] multiqc.core.file_search                           [INFO   ]  Search path: /home/mif/RNAseq_2025_VU/workflow/results/hisat2/SRR15618889_summary.txt
[2025-02-26 22:58:03,990] multiqc.core.file_search                           [INFO   ]  Search path: /home/mif/RNAseq_2025_VU/workflow/results/fastqc/SRR15618887_raw_fastqc.zip
[2025-02-26 22:58:03,990] multiqc.core.file_search                           [INFO   ]  Search path: /home/mif/RNAseq_2025_VU/workflow/results/fastp/SRR15618892_fastp.json
[2025-02-26 22:58:03,990] multiqc.core.file_search                           [INFO   ]  Search path: /home/mif/RNAseq_2025_VU/workflow/results/fastp/SRR15618889_fastp.json
[2025-02-26 22:58:03,991] multiqc.core.file_search                           [INFO   ]  Search path: /home/mif/RNAseq_2025_VU/workflow/results/hisat2/SRR15618891_summary.txt
[2025-02-26 22:58:03,991] multiqc.core.file_search                           [INFO   ]  Search path: /home/mif/RNAseq_2025_VU/workflow/results/fastqc/SRR15618893_filtered_fastqc.zip
[2025-02-26 22:58:03,991] multiqc.core.file_search                           [INFO   ]  Search path: /home/mif/RNAseq_2025_VU/workflow/results/hisat2/SRR15618890_summary.txt
[2025-02-26 22:58:03,991] multiqc.core.file_search                           [INFO   ]  Search path: /home/mif/RNAseq_2025_VU/workflow/results/fastp/SRR15618895_fastp.json
[2025-02-26 22:58:03,991] multiqc.core.file_search                           [INFO   ]  Search path: /home/mif/RNAseq_2025_VU/workflow/results/fastp/SRR15618886_fastp.json
[2025-02-26 22:58:03,992] multiqc.core.file_search                           [INFO   ]  Search path: /home/mif/RNAseq_2025_VU/workflow/results/fastp/SRR15618890_fastp.json
[2025-02-26 22:58:03,992] multiqc.core.file_search                           [INFO   ]  Search path: /home/mif/RNAseq_2025_VU/workflow/results/hisat2/SRR15618892_summary.txt
[2025-02-26 22:58:03,992] multiqc.core.file_search                           [INFO   ]  Search path: /home/mif/RNAseq_2025_VU/workflow/results/fastqc/SRR15618891_raw_fastqc.zip
[2025-02-26 22:58:03,992] multiqc.core.file_search                           [INFO   ]  Search path: /home/mif/RNAseq_2025_VU/workflow/results/hisat2/SRR15618897_summary.txt
[2025-02-26 22:58:03,992] multiqc.core.file_search                           [INFO   ]  Search path: /home/mif/RNAseq_2025_VU/workflow/results/fastqc/SRR15618888_raw_fastqc.zip
[2025-02-26 22:58:03,993] multiqc.core.file_search                           [INFO   ]  Search path: /home/mif/RNAseq_2025_VU/workflow/results/fastqc/SRR15618896_filtered_fastqc.zip
[2025-02-26 22:58:03,993] multiqc.core.file_search                           [INFO   ]  Search path: /home/mif/RNAseq_2025_VU/workflow/results/fastqc/SRR15618894_raw_fastqc.zip
[2025-02-26 22:58:03,993] multiqc.core.file_search                           [INFO   ]  Search path: /home/mif/RNAseq_2025_VU/workflow/results/fastqc/SRR15618887_filtered_fastqc.zip
[2025-02-26 22:58:03,993] multiqc.core.file_search                           [INFO   ]  Search path: /home/mif/RNAseq_2025_VU/workflow/results/hisat2/SRR15618893_summary.txt
[2025-02-26 22:58:03,994] multiqc.core.file_search                           [DEBUG  ]  Analysing modules: cellranger_arc, custom_content, ccs, ngsderive, purple, conpair, isoseq, lima, peddy, percolator, haplocheck, somalier, methylqa, mosdepth, phantompeakqualtools, qualimap, bamdst, preseq, hifiasm, quast, qorts, rna_seqc, rockhopper, rsem, rseqc, busco, checkm, bustools, goleft_indexcov, gffcompare, disambiguate, supernova, deeptools, sargasso, verifybamid, mirtrace, happy, mirtop, glimpse, gopeaks, homer, hops, macs2, theta2, snpeff, gatk, htseq, bcftools, featurecounts, fgbio, dragen, dragen_fastqc, dedup, pbmarkdup, damageprofiler, mapdamage, biobambam2, jcvi, mtnucratio, picard, vep, bakta, prokka, checkm2, qc3C, nanoq, nanostat, samblaster, samtools, bamtools, sambamba, ngsbits, pairtools, sexdeterrmine, seqera_cli, eigenstratdatabasetools, jellyfish, vcftools, longranger, stacks, varscan2, snippy, umicollapse, umitools, truvari, megahit, ganon, gtdbtk, bbmap, bismark, biscuit, diamond, hicexplorer, hicup, hicpro, salmon, kallisto, slamdunk, star, hisat2, tophat, bowtie2, bowtie1, hostile, cellranger, snpsplit, odgi, vg, pangolin, nextclade, freyja, humid, kat, leehom, librarian, nonpareil, adapterremoval, bbduk, clipandmerge, cutadapt, flexbar, sourmash, kaiju, kraken, malt, motus, trimmomatic, sickle, skewer, sortmerna, biobloomtools, fastq_screen, afterqc, fastp, fastqc, sequali, filtlong, prinseqplusplus, pychopper, porechop, pycoqc, minionqc, anglerfish, multivcfanalyzer, clusterflow, checkqc, bcl2fastq, bclconvert, interop, ivar, flash, seqyclean, optitype, whatshap, spaceranger, xenome, xengsort, metaphlan, seqwho, telseq, ataqv, mgikit, mosaicatcher, software_versions

[2025-02-26 22:58:04,905] multiqc.report                                     [DEBUG  ]  Summary of files that were skipped by the search: |skipped_module_specific_max_filesize: 12|
[2025-02-26 22:58:04,906] multiqc.core.exec_modules                          [DEBUG  ]  Running module: custom_content
[2025-02-26 22:58:05,009] multiqc.core.exec_modules                          [DEBUG  ]  No samples found: custom_content
[2025-02-26 22:58:05,009] multiqc.core.exec_modules                          [DEBUG  ]  Running module: hisat2
[2025-02-26 22:58:05,028] multiqc.modules.hisat2.hisat2                      [INFO   ]  Found 12 reports
[2025-02-26 22:58:05,029] multiqc.report                                     [DEBUG  ]  Wrote data file multiqc_hisat2.txt
[2025-02-26 22:58:05,030] multiqc.report                                     [DEBUG  ]  Wrote data file multiqc_hisat2.json
[2025-02-26 22:58:05,789] multiqc.base_module                                [DEBUG  ]  hisat2: deleting attribute self.sample_names
[2025-02-26 22:58:05,790] multiqc.base_module                                [DEBUG  ]  hisat2: deleting attribute self.hisat2_data
[2025-02-26 22:58:05,790] multiqc.core.exec_modules                          [DEBUG  ]  Running module: fastp
[2025-02-26 22:58:05,844] multiqc.modules.fastp.fastp                        [INFO   ]  Found 12 reports
[2025-02-26 22:58:05,845] multiqc.modules.fastp.fastp                        [DEBUG  ]  No duplication rate plot data: SRR15618896_raw
[2025-02-26 22:58:05,845] multiqc.modules.fastp.fastp                        [DEBUG  ]  No insert size plot data: SRR15618896_raw
[2025-02-26 22:58:05,845] multiqc.modules.fastp.fastp                        [DEBUG  ]  Read quality read2_before_filtering not found: SRR15618896_raw
[2025-02-26 22:58:05,846] multiqc.modules.fastp.fastp                        [DEBUG  ]  Content curve data read2_before_filtering not found: SRR15618896_raw
[2025-02-26 22:58:05,846] multiqc.modules.fastp.fastp                        [DEBUG  ]  Overrepresented sequences data read2_before_filtering not found: SRR15618896_raw
[2025-02-26 22:58:05,846] multiqc.modules.fastp.fastp                        [DEBUG  ]  Read quality read2_after_filtering not found: SRR15618896_raw
[2025-02-26 22:58:05,846] multiqc.modules.fastp.fastp                        [DEBUG  ]  Content curve data read2_after_filtering not found: SRR15618896_raw
[2025-02-26 22:58:05,847] multiqc.modules.fastp.fastp                        [DEBUG  ]  Overrepresented sequences data read2_after_filtering not found: SRR15618896_raw
[2025-02-26 22:58:05,847] multiqc.modules.fastp.fastp                        [DEBUG  ]  Read quality merged_and_filtered not found: SRR15618896_raw
[2025-02-26 22:58:05,847] multiqc.modules.fastp.fastp                        [DEBUG  ]  Content curve data merged_and_filtered not found: SRR15618896_raw
[2025-02-26 22:58:05,847] multiqc.modules.fastp.fastp                        [DEBUG  ]  Overrepresented sequences data merged_and_filtered not found: SRR15618896_raw
[2025-02-26 22:58:05,847] multiqc.modules.fastp.fastp                        [DEBUG  ]  No duplication rate plot data: SRR15618893_raw
[2025-02-26 22:58:05,848] multiqc.modules.fastp.fastp                        [DEBUG  ]  No insert size plot data: SRR15618893_raw
[2025-02-26 22:58:05,848] multiqc.modules.fastp.fastp                        [DEBUG  ]  Read quality read2_before_filtering not found: SRR15618893_raw
[2025-02-26 22:58:05,848] multiqc.modules.fastp.fastp                        [DEBUG  ]  Content curve data read2_before_filtering not found: SRR15618893_raw
[2025-02-26 22:58:05,848] multiqc.modules.fastp.fastp                        [DEBUG  ]  Overrepresented sequences data read2_before_filtering not found: SRR15618893_raw
[2025-02-26 22:58:05,849] multiqc.modules.fastp.fastp                        [DEBUG  ]  Read quality read2_after_filtering not found: SRR15618893_raw
[2025-02-26 22:58:05,849] multiqc.modules.fastp.fastp                        [DEBUG  ]  Content curve data read2_after_filtering not found: SRR15618893_raw
[2025-02-26 22:58:05,849] multiqc.modules.fastp.fastp                        [DEBUG  ]  Overrepresented sequences data read2_after_filtering not found: SRR15618893_raw
[2025-02-26 22:58:05,849] multiqc.modules.fastp.fastp                        [DEBUG  ]  Read quality merged_and_filtered not found: SRR15618893_raw
[2025-02-26 22:58:05,849] multiqc.modules.fastp.fastp                        [DEBUG  ]  Content curve data merged_and_filtered not found: SRR15618893_raw
[2025-02-26 22:58:05,850] multiqc.modules.fastp.fastp                        [DEBUG  ]  Overrepresented sequences data merged_and_filtered not found: SRR15618893_raw
[2025-02-26 22:58:05,850] multiqc.modules.fastp.fastp                        [DEBUG  ]  No duplication rate plot data: SRR15618897_raw
[2025-02-26 22:58:05,850] multiqc.modules.fastp.fastp                        [DEBUG  ]  No insert size plot data: SRR15618897_raw
[2025-02-26 22:58:05,850] multiqc.modules.fastp.fastp                        [DEBUG  ]  Read quality read2_before_filtering not found: SRR15618897_raw
[2025-02-26 22:58:05,850] multiqc.modules.fastp.fastp                        [DEBUG  ]  Content curve data read2_before_filtering not found: SRR15618897_raw
[2025-02-26 22:58:05,851] multiqc.modules.fastp.fastp                        [DEBUG  ]  Overrepresented sequences data read2_before_filtering not found: SRR15618897_raw
[2025-02-26 22:58:05,851] multiqc.modules.fastp.fastp                        [DEBUG  ]  Read quality read2_after_filtering not found: SRR15618897_raw
[2025-02-26 22:58:05,851] multiqc.modules.fastp.fastp                        [DEBUG  ]  Content curve data read2_after_filtering not found: SRR15618897_raw
[2025-02-26 22:58:05,851] multiqc.modules.fastp.fastp                        [DEBUG  ]  Overrepresented sequences data read2_after_filtering not found: SRR15618897_raw
[2025-02-26 22:58:05,851] multiqc.modules.fastp.fastp                        [DEBUG  ]  Read quality merged_and_filtered not found: SRR15618897_raw
[2025-02-26 22:58:05,852] multiqc.modules.fastp.fastp                        [DEBUG  ]  Content curve data merged_and_filtered not found: SRR15618897_raw
[2025-02-26 22:58:05,852] multiqc.modules.fastp.fastp                        [DEBUG  ]  Overrepresented sequences data merged_and_filtered not found: SRR15618897_raw
[2025-02-26 22:58:05,852] multiqc.modules.fastp.fastp                        [DEBUG  ]  fastp JSON did not have a 'adapter_cutting' key, skipping: 'SRR15618891_raw'
[2025-02-26 22:58:05,852] multiqc.modules.fastp.fastp                        [DEBUG  ]  Could not calculate 'pct_adapter' (KeyError): SRR15618891_raw
[2025-02-26 22:58:05,853] multiqc.modules.fastp.fastp                        [DEBUG  ]  No duplication rate plot data: SRR15618891_raw
[2025-02-26 22:58:05,853] multiqc.modules.fastp.fastp                        [DEBUG  ]  No insert size plot data: SRR15618891_raw
[2025-02-26 22:58:05,853] multiqc.modules.fastp.fastp                        [DEBUG  ]  Read quality read2_before_filtering not found: SRR15618891_raw
[2025-02-26 22:58:05,853] multiqc.modules.fastp.fastp                        [DEBUG  ]  Content curve data read2_before_filtering not found: SRR15618891_raw
[2025-02-26 22:58:05,853] multiqc.modules.fastp.fastp                        [DEBUG  ]  Overrepresented sequences data read2_before_filtering not found: SRR15618891_raw
[2025-02-26 22:58:05,854] multiqc.modules.fastp.fastp                        [DEBUG  ]  Read quality read2_after_filtering not found: SRR15618891_raw
[2025-02-26 22:58:05,854] multiqc.modules.fastp.fastp                        [DEBUG  ]  Content curve data read2_after_filtering not found: SRR15618891_raw
[2025-02-26 22:58:05,854] multiqc.modules.fastp.fastp                        [DEBUG  ]  Overrepresented sequences data read2_after_filtering not found: SRR15618891_raw
[2025-02-26 22:58:05,854] multiqc.modules.fastp.fastp                        [DEBUG  ]  Read quality merged_and_filtered not found: SRR15618891_raw
[2025-02-26 22:58:05,854] multiqc.modules.fastp.fastp                        [DEBUG  ]  Content curve data merged_and_filtered not found: SRR15618891_raw
[2025-02-26 22:58:05,854] multiqc.modules.fastp.fastp                        [DEBUG  ]  Overrepresented sequences data merged_and_filtered not found: SRR15618891_raw
[2025-02-26 22:58:05,855] multiqc.modules.fastp.fastp                        [DEBUG  ]  fastp JSON did not have a 'adapter_cutting' key, skipping: 'SRR15618888_raw'
[2025-02-26 22:58:05,855] multiqc.modules.fastp.fastp                        [DEBUG  ]  Could not calculate 'pct_adapter' (KeyError): SRR15618888_raw
[2025-02-26 22:58:05,855] multiqc.modules.fastp.fastp                        [DEBUG  ]  No duplication rate plot data: SRR15618888_raw
[2025-02-26 22:58:05,855] multiqc.modules.fastp.fastp                        [DEBUG  ]  No insert size plot data: SRR15618888_raw
[2025-02-26 22:58:05,855] multiqc.modules.fastp.fastp                        [DEBUG  ]  Read quality read2_before_filtering not found: SRR15618888_raw
[2025-02-26 22:58:05,856] multiqc.modules.fastp.fastp                        [DEBUG  ]  Content curve data read2_before_filtering not found: SRR15618888_raw
[2025-02-26 22:58:05,856] multiqc.modules.fastp.fastp                        [DEBUG  ]  Overrepresented sequences data read2_before_filtering not found: SRR15618888_raw
[2025-02-26 22:58:05,856] multiqc.modules.fastp.fastp                        [DEBUG  ]  Read quality read2_after_filtering not found: SRR15618888_raw
[2025-02-26 22:58:05,856] multiqc.modules.fastp.fastp                        [DEBUG  ]  Content curve data read2_after_filtering not found: SRR15618888_raw
[2025-02-26 22:58:05,856] multiqc.modules.fastp.fastp                        [DEBUG  ]  Overrepresented sequences data read2_after_filtering not found: SRR15618888_raw
[2025-02-26 22:58:05,856] multiqc.modules.fastp.fastp                        [DEBUG  ]  Read quality merged_and_filtered not found: SRR15618888_raw
[2025-02-26 22:58:05,857] multiqc.modules.fastp.fastp                        [DEBUG  ]  Content curve data merged_and_filtered not found: SRR15618888_raw
[2025-02-26 22:58:05,857] multiqc.modules.fastp.fastp                        [DEBUG  ]  Overrepresented sequences data merged_and_filtered not found: SRR15618888_raw
[2025-02-26 22:58:05,857] multiqc.modules.fastp.fastp                        [DEBUG  ]  No duplication rate plot data: SRR15618887_raw
[2025-02-26 22:58:05,857] multiqc.modules.fastp.fastp                        [DEBUG  ]  No insert size plot data: SRR15618887_raw
[2025-02-26 22:58:05,858] multiqc.modules.fastp.fastp                        [DEBUG  ]  Read quality read2_before_filtering not found: SRR15618887_raw
[2025-02-26 22:58:05,858] multiqc.modules.fastp.fastp                        [DEBUG  ]  Content curve data read2_before_filtering not found: SRR15618887_raw
[2025-02-26 22:58:05,858] multiqc.modules.fastp.fastp                        [DEBUG  ]  Overrepresented sequences data read2_before_filtering not found: SRR15618887_raw
[2025-02-26 22:58:05,858] multiqc.modules.fastp.fastp                        [DEBUG  ]  Read quality read2_after_filtering not found: SRR15618887_raw
[2025-02-26 22:58:05,858] multiqc.modules.fastp.fastp                        [DEBUG  ]  Content curve data read2_after_filtering not found: SRR15618887_raw
[2025-02-26 22:58:05,858] multiqc.modules.fastp.fastp                        [DEBUG  ]  Overrepresented sequences data read2_after_filtering not found: SRR15618887_raw
[2025-02-26 22:58:05,859] multiqc.modules.fastp.fastp                        [DEBUG  ]  Read quality merged_and_filtered not found: SRR15618887_raw
[2025-02-26 22:58:05,859] multiqc.modules.fastp.fastp                        [DEBUG  ]  Content curve data merged_and_filtered not found: SRR15618887_raw
[2025-02-26 22:58:05,859] multiqc.modules.fastp.fastp                        [DEBUG  ]  Overrepresented sequences data merged_and_filtered not found: SRR15618887_raw
[2025-02-26 22:58:05,859] multiqc.modules.fastp.fastp                        [DEBUG  ]  No duplication rate plot data: SRR15618894_raw
[2025-02-26 22:58:05,859] multiqc.modules.fastp.fastp                        [DEBUG  ]  No insert size plot data: SRR15618894_raw
[2025-02-26 22:58:05,860] multiqc.modules.fastp.fastp                        [DEBUG  ]  Read quality read2_before_filtering not found: SRR15618894_raw
[2025-02-26 22:58:05,860] multiqc.modules.fastp.fastp                        [DEBUG  ]  Content curve data read2_before_filtering not found: SRR15618894_raw
[2025-02-26 22:58:05,860] multiqc.modules.fastp.fastp                        [DEBUG  ]  Overrepresented sequences data read2_before_filtering not found: SRR15618894_raw
[2025-02-26 22:58:05,860] multiqc.modules.fastp.fastp                        [DEBUG  ]  Read quality read2_after_filtering not found: SRR15618894_raw
[2025-02-26 22:58:05,860] multiqc.modules.fastp.fastp                        [DEBUG  ]  Content curve data read2_after_filtering not found: SRR15618894_raw
[2025-02-26 22:58:05,860] multiqc.modules.fastp.fastp                        [DEBUG  ]  Overrepresented sequences data read2_after_filtering not found: SRR15618894_raw
[2025-02-26 22:58:05,861] multiqc.modules.fastp.fastp                        [DEBUG  ]  Read quality merged_and_filtered not found: SRR15618894_raw
[2025-02-26 22:58:05,861] multiqc.modules.fastp.fastp                        [DEBUG  ]  Content curve data merged_and_filtered not found: SRR15618894_raw
[2025-02-26 22:58:05,861] multiqc.modules.fastp.fastp                        [DEBUG  ]  Overrepresented sequences data merged_and_filtered not found: SRR15618894_raw
[2025-02-26 22:58:05,861] multiqc.modules.fastp.fastp                        [DEBUG  ]  No duplication rate plot data: SRR15618892_raw
[2025-02-26 22:58:05,861] multiqc.modules.fastp.fastp                        [DEBUG  ]  No insert size plot data: SRR15618892_raw
[2025-02-26 22:58:05,862] multiqc.modules.fastp.fastp                        [DEBUG  ]  Read quality read2_before_filtering not found: SRR15618892_raw
[2025-02-26 22:58:05,862] multiqc.modules.fastp.fastp                        [DEBUG  ]  Content curve data read2_before_filtering not found: SRR15618892_raw
[2025-02-26 22:58:05,862] multiqc.modules.fastp.fastp                        [DEBUG  ]  Overrepresented sequences data read2_before_filtering not found: SRR15618892_raw
[2025-02-26 22:58:05,862] multiqc.modules.fastp.fastp                        [DEBUG  ]  Read quality read2_after_filtering not found: SRR15618892_raw
[2025-02-26 22:58:05,862] multiqc.modules.fastp.fastp                        [DEBUG  ]  Content curve data read2_after_filtering not found: SRR15618892_raw
[2025-02-26 22:58:05,862] multiqc.modules.fastp.fastp                        [DEBUG  ]  Overrepresented sequences data read2_after_filtering not found: SRR15618892_raw
[2025-02-26 22:58:05,863] multiqc.modules.fastp.fastp                        [DEBUG  ]  Read quality merged_and_filtered not found: SRR15618892_raw
[2025-02-26 22:58:05,863] multiqc.modules.fastp.fastp                        [DEBUG  ]  Content curve data merged_and_filtered not found: SRR15618892_raw
[2025-02-26 22:58:05,863] multiqc.modules.fastp.fastp                        [DEBUG  ]  Overrepresented sequences data merged_and_filtered not found: SRR15618892_raw
[2025-02-26 22:58:05,863] multiqc.modules.fastp.fastp                        [DEBUG  ]  fastp JSON did not have a 'adapter_cutting' key, skipping: 'SRR15618889_raw'
[2025-02-26 22:58:05,863] multiqc.modules.fastp.fastp                        [DEBUG  ]  Could not calculate 'pct_adapter' (KeyError): SRR15618889_raw
[2025-02-26 22:58:05,863] multiqc.modules.fastp.fastp                        [DEBUG  ]  No duplication rate plot data: SRR15618889_raw
[2025-02-26 22:58:05,864] multiqc.modules.fastp.fastp                        [DEBUG  ]  No insert size plot data: SRR15618889_raw
[2025-02-26 22:58:05,864] multiqc.modules.fastp.fastp                        [DEBUG  ]  Read quality read2_before_filtering not found: SRR15618889_raw
[2025-02-26 22:58:05,864] multiqc.modules.fastp.fastp                        [DEBUG  ]  Content curve data read2_before_filtering not found: SRR15618889_raw
[2025-02-26 22:58:05,864] multiqc.modules.fastp.fastp                        [DEBUG  ]  Overrepresented sequences data read2_before_filtering not found: SRR15618889_raw
[2025-02-26 22:58:05,864] multiqc.modules.fastp.fastp                        [DEBUG  ]  Read quality read2_after_filtering not found: SRR15618889_raw
[2025-02-26 22:58:05,864] multiqc.modules.fastp.fastp                        [DEBUG  ]  Content curve data read2_after_filtering not found: SRR15618889_raw
[2025-02-26 22:58:05,865] multiqc.modules.fastp.fastp                        [DEBUG  ]  Overrepresented sequences data read2_after_filtering not found: SRR15618889_raw
[2025-02-26 22:58:05,865] multiqc.modules.fastp.fastp                        [DEBUG  ]  Read quality merged_and_filtered not found: SRR15618889_raw
[2025-02-26 22:58:05,865] multiqc.modules.fastp.fastp                        [DEBUG  ]  Content curve data merged_and_filtered not found: SRR15618889_raw
[2025-02-26 22:58:05,865] multiqc.modules.fastp.fastp                        [DEBUG  ]  Overrepresented sequences data merged_and_filtered not found: SRR15618889_raw
[2025-02-26 22:58:05,865] multiqc.modules.fastp.fastp                        [DEBUG  ]  No duplication rate plot data: SRR15618895_raw
[2025-02-26 22:58:05,865] multiqc.modules.fastp.fastp                        [DEBUG  ]  No insert size plot data: SRR15618895_raw
[2025-02-26 22:58:05,866] multiqc.modules.fastp.fastp                        [DEBUG  ]  Read quality read2_before_filtering not found: SRR15618895_raw
[2025-02-26 22:58:05,866] multiqc.modules.fastp.fastp                        [DEBUG  ]  Content curve data read2_before_filtering not found: SRR15618895_raw
[2025-02-26 22:58:05,866] multiqc.modules.fastp.fastp                        [DEBUG  ]  Overrepresented sequences data read2_before_filtering not found: SRR15618895_raw
[2025-02-26 22:58:05,866] multiqc.modules.fastp.fastp                        [DEBUG  ]  Read quality read2_after_filtering not found: SRR15618895_raw
[2025-02-26 22:58:05,866] multiqc.modules.fastp.fastp                        [DEBUG  ]  Content curve data read2_after_filtering not found: SRR15618895_raw
[2025-02-26 22:58:05,866] multiqc.modules.fastp.fastp                        [DEBUG  ]  Overrepresented sequences data read2_after_filtering not found: SRR15618895_raw
[2025-02-26 22:58:05,867] multiqc.modules.fastp.fastp                        [DEBUG  ]  Read quality merged_and_filtered not found: SRR15618895_raw
[2025-02-26 22:58:05,867] multiqc.modules.fastp.fastp                        [DEBUG  ]  Content curve data merged_and_filtered not found: SRR15618895_raw
[2025-02-26 22:58:05,867] multiqc.modules.fastp.fastp                        [DEBUG  ]  Overrepresented sequences data merged_and_filtered not found: SRR15618895_raw
[2025-02-26 22:58:05,867] multiqc.modules.fastp.fastp                        [DEBUG  ]  fastp JSON did not have a 'adapter_cutting' key, skipping: 'SRR15618886_raw'
[2025-02-26 22:58:05,867] multiqc.modules.fastp.fastp                        [DEBUG  ]  Could not calculate 'pct_adapter' (KeyError): SRR15618886_raw
[2025-02-26 22:58:05,867] multiqc.modules.fastp.fastp                        [DEBUG  ]  No duplication rate plot data: SRR15618886_raw
[2025-02-26 22:58:05,868] multiqc.modules.fastp.fastp                        [DEBUG  ]  No insert size plot data: SRR15618886_raw
[2025-02-26 22:58:05,868] multiqc.modules.fastp.fastp                        [DEBUG  ]  Read quality read2_before_filtering not found: SRR15618886_raw
[2025-02-26 22:58:05,868] multiqc.modules.fastp.fastp                        [DEBUG  ]  Content curve data read2_before_filtering not found: SRR15618886_raw
[2025-02-26 22:58:05,868] multiqc.modules.fastp.fastp                        [DEBUG  ]  Overrepresented sequences data read2_before_filtering not found: SRR15618886_raw
[2025-02-26 22:58:05,868] multiqc.modules.fastp.fastp                        [DEBUG  ]  Read quality read2_after_filtering not found: SRR15618886_raw
[2025-02-26 22:58:05,868] multiqc.modules.fastp.fastp                        [DEBUG  ]  Content curve data read2_after_filtering not found: SRR15618886_raw
[2025-02-26 22:58:05,869] multiqc.modules.fastp.fastp                        [DEBUG  ]  Overrepresented sequences data read2_after_filtering not found: SRR15618886_raw
[2025-02-26 22:58:05,869] multiqc.modules.fastp.fastp                        [DEBUG  ]  Read quality merged_and_filtered not found: SRR15618886_raw
[2025-02-26 22:58:05,869] multiqc.modules.fastp.fastp                        [DEBUG  ]  Content curve data merged_and_filtered not found: SRR15618886_raw
[2025-02-26 22:58:05,869] multiqc.modules.fastp.fastp                        [DEBUG  ]  Overrepresented sequences data merged_and_filtered not found: SRR15618886_raw
[2025-02-26 22:58:05,869] multiqc.modules.fastp.fastp                        [DEBUG  ]  No duplication rate plot data: SRR15618890_raw
[2025-02-26 22:58:05,869] multiqc.modules.fastp.fastp                        [DEBUG  ]  No insert size plot data: SRR15618890_raw
[2025-02-26 22:58:05,870] multiqc.modules.fastp.fastp                        [DEBUG  ]  Read quality read2_before_filtering not found: SRR15618890_raw
[2025-02-26 22:58:05,870] multiqc.modules.fastp.fastp                        [DEBUG  ]  Content curve data read2_before_filtering not found: SRR15618890_raw
[2025-02-26 22:58:05,870] multiqc.modules.fastp.fastp                        [DEBUG  ]  Overrepresented sequences data read2_before_filtering not found: SRR15618890_raw
[2025-02-26 22:58:05,870] multiqc.modules.fastp.fastp                        [DEBUG  ]  Read quality read2_after_filtering not found: SRR15618890_raw
[2025-02-26 22:58:05,870] multiqc.modules.fastp.fastp                        [DEBUG  ]  Content curve data read2_after_filtering not found: SRR15618890_raw
[2025-02-26 22:58:05,870] multiqc.modules.fastp.fastp                        [DEBUG  ]  Overrepresented sequences data read2_after_filtering not found: SRR15618890_raw
[2025-02-26 22:58:05,871] multiqc.modules.fastp.fastp                        [DEBUG  ]  Read quality merged_and_filtered not found: SRR15618890_raw
[2025-02-26 22:58:05,871] multiqc.modules.fastp.fastp                        [DEBUG  ]  Content curve data merged_and_filtered not found: SRR15618890_raw
[2025-02-26 22:58:05,871] multiqc.modules.fastp.fastp                        [DEBUG  ]  Overrepresented sequences data merged_and_filtered not found: SRR15618890_raw
[2025-02-26 22:58:05,889] multiqc.report                                     [DEBUG  ]  Wrote data file multiqc_fastp.txt
[2025-02-26 22:58:05,943] multiqc.report                                     [DEBUG  ]  Wrote data file multiqc_fastp.json
[2025-02-26 22:58:05,974] multiqc.modules.fastp.fastp                        [DEBUG  ]  No data found for 'Overrepresented Sequences' plot
[2025-02-26 22:58:05,974] multiqc.base_module                                [DEBUG  ]  fastp: deleting attribute self.sample_names
[2025-02-26 22:58:05,974] multiqc.base_module                                [DEBUG  ]  fastp: deleting attribute self.fastp_data
[2025-02-26 22:58:05,974] multiqc.base_module                                [DEBUG  ]  fastp: deleting attribute self.fastp_duplication_plotdata
[2025-02-26 22:58:05,974] multiqc.base_module                                [DEBUG  ]  fastp: deleting attribute self.fastp_insert_size_data
[2025-02-26 22:58:05,974] multiqc.base_module                                [DEBUG  ]  fastp: deleting attribute self.fastp_all_data
[2025-02-26 22:58:05,975] multiqc.base_module                                [DEBUG  ]  fastp: deleting attribute self.fastp_qual_plotdata
[2025-02-26 22:58:05,975] multiqc.base_module                                [DEBUG  ]  fastp: deleting attribute self.fastp_gc_content_data
[2025-02-26 22:58:05,975] multiqc.base_module                                [DEBUG  ]  fastp: deleting attribute self.fastp_n_content_data
[2025-02-26 22:58:05,975] multiqc.base_module                                [DEBUG  ]  fastp: deleting attribute self.fastp_overrepresented_sequences
[2025-02-26 22:58:05,975] multiqc.core.exec_modules                          [DEBUG  ]  Running module: fastqc
[2025-02-26 22:58:06,029] multiqc.modules.fastqc.fastqc                      [INFO   ]  Found 24 reports
[2025-02-26 22:58:06,459] multiqc.report                                     [DEBUG  ]  Wrote data file multiqc_fastqc.txt
[2025-02-26 22:58:06,462] multiqc.report                                     [DEBUG  ]  Wrote data file multiqc_fastqc.json
[2025-02-26 22:58:06,464] multiqc.base_module                                [DEBUG  ]  fastqc: deleting attribute self.sample_names
[2025-02-26 22:58:06,465] multiqc.base_module                                [DEBUG  ]  fastqc: deleting attribute self.order_of_duplication_levels
[2025-02-26 22:58:06,465] multiqc.base_module                                [DEBUG  ]  fastqc: deleting attribute self.status_colours
[2025-02-26 22:58:06,465] multiqc.core.software_versions                     [DEBUG  ]  Reading software versions from config.software_versions
[2025-02-26 22:58:06,483] multiqc.report                                     [DEBUG  ]  Wrote data file multiqc_software_versions.txt
[2025-02-26 22:58:06,484] multiqc.core.write_results                         [DEBUG  ]  Rendering plots

[2025-02-26 22:58:06,634] multiqc.report                                     [DEBUG  ]  Wrote data file multiqc_general_stats.txt
[2025-02-26 22:58:06,635] multiqc.report                                     [DEBUG  ]  Wrote data file multiqc_general_stats.json
[2025-02-26 22:58:06,637] multiqc.core.write_results                         [DEBUG  ]  Exporting plot data to files
[2025-02-26 22:58:06,637] multiqc.report                                     [DEBUG  ]  Wrote data file hisat2_se_plot.txt
[2025-02-26 22:58:06,638] multiqc.report                                     [DEBUG  ]  Wrote data file fastp_filtered_reads_plot.txt
[2025-02-26 22:58:06,639] multiqc.report                                     [DEBUG  ]  Wrote data file fastp-seq-quality-plot_Read_1_Before_filtering.txt
[2025-02-26 22:58:06,640] multiqc.report                                     [DEBUG  ]  Wrote data file fastp-seq-quality-plot_Read_1_After_filtering.txt
[2025-02-26 22:58:06,642] multiqc.report                                     [DEBUG  ]  Wrote data file fastp-seq-content-gc-plot_Read_1_Before_filtering.txt
[2025-02-26 22:58:06,643] multiqc.report                                     [DEBUG  ]  Wrote data file fastp-seq-content-gc-plot_Read_1_After_filtering.txt
[2025-02-26 22:58:06,645] multiqc.report                                     [DEBUG  ]  Wrote data file fastp-seq-content-n-plot_Read_1_Before_filtering.txt
[2025-02-26 22:58:06,646] multiqc.report                                     [DEBUG  ]  Wrote data file fastp-seq-content-n-plot_Read_1_After_filtering.txt
[2025-02-26 22:58:06,646] multiqc.report                                     [DEBUG  ]  Wrote data file fastqc_sequence_counts_plot.txt
[2025-02-26 22:58:06,649] multiqc.report                                     [DEBUG  ]  Wrote data file fastqc_per_base_sequence_quality_plot.txt
[2025-02-26 22:58:06,650] multiqc.report                                     [DEBUG  ]  Wrote data file fastqc_per_sequence_quality_scores_plot.txt
[2025-02-26 22:58:06,654] multiqc.report                                     [DEBUG  ]  Wrote data file fastqc_per_sequence_gc_content_plot_Percentages.txt
[2025-02-26 22:58:06,657] multiqc.report                                     [DEBUG  ]  Wrote data file fastqc_per_sequence_gc_content_plot_Counts.txt
[2025-02-26 22:58:06,660] multiqc.report                                     [DEBUG  ]  Wrote data file fastqc_per_base_n_content_plot.txt
[2025-02-26 22:58:06,661] multiqc.report                                     [DEBUG  ]  Wrote data file fastqc_sequence_length_distribution_plot.txt
[2025-02-26 22:58:06,662] multiqc.report                                     [DEBUG  ]  Wrote data file fastqc_sequence_duplication_levels_plot.txt
[2025-02-26 22:58:06,662] multiqc.report                                     [DEBUG  ]  Wrote data file fastqc_top_overrepresented_sequences_table.txt
[2025-02-26 22:58:06,666] multiqc.report                                     [DEBUG  ]  Wrote data file fastqc_adapter_content_plot.txt
[2025-02-26 22:58:06,666] multiqc.report                                     [DEBUG  ]  Wrote data file fastqc-status-check-heatmap.txt
[2025-02-26 22:58:06,666] multiqc.core.write_results                         [DEBUG  ]  Moving data file from '/tmp/tmpk728jha9/multiqc_data' to '/home/mif/RNAseq_2025_VU/workflow/results/multiqc/multiqc_report_data'
[2025-02-26 22:58:06,869] multiqc.core.write_results                         [INFO   ]  Data        : results/multiqc/multiqc_report_data
[2025-02-26 22:58:06,889] multiqc.core.write_results                         [DEBUG  ]  Compressing plot data
[2025-02-26 22:58:07,099] multiqc.core.write_results                         [INFO   ]  Report      : results/multiqc/multiqc_report.html
[2025-02-26 22:58:07,099] multiqc.core.write_results                         [DEBUG  ]  Report HTML written to /home/mif/RNAseq_2025_VU/workflow/results/multiqc/multiqc_report.html
[2025-02-26 22:58:07,099] multiqc.multiqc                                    [INFO   ]  MultiQC complete
